This is SBCL 2.0.0, an implementation of ANSI Common Lisp.
More information about SBCL is available at <http://www.sbcl.org/>.

SBCL is free software, provided as is, with absolutely no warranty.
It is mostly in the public domain; some portions are provided under
BSD-style licenses.  See the CREDITS and COPYING files in the
distribution for more information.
To load "kenzo":
  Load 1 ASDF system:
    kenzo
; Loading "kenzo"


(DEFUN CDELTA (DMNS)
  (BUILD-CHCM :CMPR #'L-CMPR :BASIS :LOCALLY-EFFECTIVE :BSGN '(0) :INTR-DFFR
              #'(LAMBDA (DEGR GMSM) (MAKE-CMBN :DEGR (1- DEGR) :LIST (DO # #)))
              :STRT ...))
==>
CDELTA

(DEFUN MAKE-F (TDMNS BDMNS)
  (BUILD-MRPH :SORC (CDELTA TDMNS) :TRGT (CDELTA BDMNS) :DEGR 0 :INTR
              #'(LAMBDA (DEGR GMSM)
                  (LET (#)
                    (IF POS
                        #
                        #)))
              :STRT ...))
==>
MAKE-F

(DEFUN MAKE-G (TDMNS BDMNS)
  (BUILD-MRPH :SORC (CDELTA BDMNS) :TRGT (CDELTA TDMNS) :DEGR 0 :INTR
              #'IDENTITY :STRT ...))
==>
MAKE-G

(DEFUN MAKE-H (TDMNS BDMNS)
  (BUILD-MRPH :SORC (CDELTA TDMNS) :TRGT (CDELTA TDMNS) :DEGR 1 :INTR
              #'(LAMBDA (DEGR GMSM)
                  (LET (#)
                    (IF POS
                        #
                        #)))
              :STRT ...))
==>
MAKE-H

(DEFUN MAKE-RDCT (TDMNS BDMNS)
  (LET ((RDCT (BUILD-RDCT :F # :G # :H # :ORGN `#)))
    RDCT))
==>
MAKE-RDCT

(DEF RDCT (MAKE-RDCT 6 3))
==>
[K8 Reduction K1 => K3]

(INSPECT RDCT)
==>
The object is a STANDARD-OBJECT of type REDUCTION.
0. TCC: [K1 Chain-Complex]
1. BCC: [K3 Chain-Complex]
2. F: [K5 Morphism (degree 0): K1 -> K3]
3. G: [K6 Morphism (degree 0): K3 -> K1]
4. H: [K7 Morphism (degree 1): K1 -> K1]
5. IDNM: 8
6. ORGN: (REDUCTION DELTA 6 3)
> 
NIL

(ORGN RDCT)
==>
(REDUCTION DELTA 6 3)

(PRE-CHECK-RDCT RDCT)
==>
---done---
NIL

(SETF *TC* (CMBN 2 1 '(0 1 2) 10 '(1 2 3) 100 '(1 2 4) 1000 '(2 3 4)))
==>

----------------------------------------------------------------------{CMBN 2}
<1 * (0 1 2)>
<10 * (1 2 3)>
<100 * (1 2 4)>
<1000 * (2 3 4)>
------------------------------------------------------------------------------


(SETF *BC* (CMBN 3 4 '(0 1 2 3)))
==>

----------------------------------------------------------------------{CMBN 3}
<4 * (0 1 2 3)>
------------------------------------------------------------------------------


(CHECK-RDCT-NO-WAIT)
==>
*TC* => 
----------------------------------------------------------------------{CMBN 2}
<1 * (0 1 2)>
<10 * (1 2 3)>
<100 * (1 2 4)>
<1000 * (2 3 4)>
------------------------------------------------------------------------------

*BC* => 
----------------------------------------------------------------------{CMBN 3}
<4 * (0 1 2 3)>
------------------------------------------------------------------------------

Checking *TDD* = 0
Result: 
----------------------------------------------------------------------{CMBN 0}
------------------------------------------------------------------------------

Checking *BDD* = 0
Result: 
----------------------------------------------------------------------{CMBN 1}
------------------------------------------------------------------------------

Checking *DF-FD* = 0
Result: 
----------------------------------------------------------------------{CMBN 1}
------------------------------------------------------------------------------

Checking *DG-GD* = 0
Result: 
----------------------------------------------------------------------{CMBN 2}
------------------------------------------------------------------------------

Checking *ID-FG* = 0
Result: 
----------------------------------------------------------------------{CMBN 3}
------------------------------------------------------------------------------

Checking *ID-GF-DH-HD* = 0
Result: 
----------------------------------------------------------------------{CMBN 2}
------------------------------------------------------------------------------

Checking *HH* = 0
Result: 
----------------------------------------------------------------------{CMBN 4}
------------------------------------------------------------------------------

Checking *FH* = 0
Result: 
----------------------------------------------------------------------{CMBN 3}
------------------------------------------------------------------------------

Checking *HG* = 0
Result: 
----------------------------------------------------------------------{CMBN 4}
------------------------------------------------------------------------------

---done---
NIL

(DEF TRDCT (MAKE-RDCT 6 4))
==>
[K35 Reduction K1 => K30]

(DEF BRDCT (MAKE-RDCT 4 3))
==>
[K39 Reduction K30 => K3]

(SETF RDCT (CMPS BRDCT TRDCT))
==>
[K45 Reduction K1 => K3]

(PRE-CHECK-RDCT RDCT)
==>
---done---
NIL

(CHECK-RDCT-NO-WAIT)
==>
*TC* => 
----------------------------------------------------------------------{CMBN 2}
<1 * (0 1 2)>
<10 * (1 2 3)>
<100 * (1 2 4)>
<1000 * (2 3 4)>
------------------------------------------------------------------------------

*BC* => 
----------------------------------------------------------------------{CMBN 3}
<4 * (0 1 2 3)>
------------------------------------------------------------------------------

Checking *TDD* = 0
Result: 
----------------------------------------------------------------------{CMBN 0}
------------------------------------------------------------------------------

Checking *BDD* = 0
Result: 
----------------------------------------------------------------------{CMBN 1}
------------------------------------------------------------------------------

Checking *DF-FD* = 0
Result: 
----------------------------------------------------------------------{CMBN 1}
------------------------------------------------------------------------------

Checking *DG-GD* = 0
Result: 
----------------------------------------------------------------------{CMBN 2}
------------------------------------------------------------------------------

Checking *ID-FG* = 0
Result: 
----------------------------------------------------------------------{CMBN 3}
------------------------------------------------------------------------------

Checking *ID-GF-DH-HD* = 0
Result: 
----------------------------------------------------------------------{CMBN 2}
------------------------------------------------------------------------------

Checking *HH* = 0
Result: 
----------------------------------------------------------------------{CMBN 4}
------------------------------------------------------------------------------

Checking *FH* = 0
Result: 
----------------------------------------------------------------------{CMBN 3}
------------------------------------------------------------------------------

Checking *HG* = 0
Result: 
----------------------------------------------------------------------{CMBN 4}
------------------------------------------------------------------------------

---done---
NIL

(DEF HMEQ (TRIVIAL-HMEQ (CDELTA 4)))
==>
[K66 Homotopy-Equivalence K30 <= K30 => K30]

(SETF HMEQ (ADD HMEQ (OPPS (DFFR #))))
==>
[K74 Homotopy-Equivalence K69 <= K69 => K69]

(GNRT-? (DFFR (RBCC HMEQ)) 3 '(0 1 2 3))
==>

----------------------------------------------------------------------{CMBN 2}
------------------------------------------------------------------------------


(DEF COMB-BIC (CMBN 3 2 (BCNB 'B1) 4 (BCNB 'B1) 6 (BCNB 'B3) 3 (BCNB 'C1) ...))
==>

----------------------------------------------------------------------{CMBN 3}
<2 * <BcnB B1>>
<4 * <BcnB B1>>
<6 * <BcnB B3>>
<3 * <BcnB C1>>
<5 * <BcnB C1>>
<7 * <BcnB D1>>
------------------------------------------------------------------------------


(CMBN-LIST COMB-BIC)
==>
((2 . <BcnB B1>) (4 . <BcnB B1>) (6 . <BcnB B3>) (3 . <BcnB C1>)
 (5 . <BcnB C1>) (7 . <BcnB D1>))

(DEF COMB-B (CMBN 3 2 'B1 4 'B2 6 'B3))
==>

----------------------------------------------------------------------{CMBN 3}
<2 * B1>
<4 * B2>
<6 * B3>
------------------------------------------------------------------------------


(DEF COMB-C (CMBN 4 3 'C1 5 'C2))
==>

----------------------------------------------------------------------{CMBN 4}
<3 * C1>
<5 * C2>
------------------------------------------------------------------------------


(DEF COMB-D (CMBN 3 7 'D1))
==>

----------------------------------------------------------------------{CMBN 3}
<7 * D1>
------------------------------------------------------------------------------


(DEF COMB-BIC (MAKE-BICN-CMBN COMB-B COMB-C COMB-D))
==>

----------------------------------------------------------------------{CMBN 3}
<2 * <BcnB B1>>
<4 * <BcnB B2>>
<6 * <BcnB B3>>
<3 * <BcnC C1>>
<5 * <BcnC C2>>
<7 * <BcnD D1>>
------------------------------------------------------------------------------


(BICN-CMBN-CMBNB COMB-BIC)
==>

----------------------------------------------------------------------{CMBN 3}
<2 * B1>
<4 * B2>
<6 * B3>
------------------------------------------------------------------------------


(BICN-CMBN-CMBNC COMB-BIC)
==>

----------------------------------------------------------------------{CMBN 4}
<3 * C1>
<5 * C2>
------------------------------------------------------------------------------


(BICN-CMBN-CMBND COMB-BIC)
==>

----------------------------------------------------------------------{CMBN 3}
<7 * D1>
------------------------------------------------------------------------------


(MULTIPLE-VALUE-BIND (B C D) (DISPATCH-BICN-CMBN COMB-BIC) (LIST B C D))
==>
(
----------------------------------------------------------------------{CMBN 3}
<2 * B1>
<4 * B2>
<6 * B3>
------------------------------------------------------------------------------

 
----------------------------------------------------------------------{CMBN 4}
<3 * C1>
<5 * C2>
------------------------------------------------------------------------------

 
----------------------------------------------------------------------{CMBN 3}
<7 * D1>
------------------------------------------------------------------------------
)

(CAT-INIT)
==>
---done---
NIL

(DEFUN CDELTA (DMNS)
  (BUILD-CHCM :CMPR #'L-CMPR :BASIS
              #'(LAMBDA (N) (MAPCAR #'DLOP-INT-EXT (FUNCALL # N))) :BSGN '(0)
              :INTR-DFFR
              #'(LAMBDA (DEGR GMSM) (MAKE-CMBN :DEGR (1- DEGR) :LIST (DO # #)))
              :STRT ...))
==>
CDELTA

(DEF DELTA3 (CDELTA 3))
==>
[K1 Chain-Complex]

(BASIS DELTA3 0)
==>
((0) (1) (2) (3))

(BASIS DELTA3 1)
==>
((0 1) (0 2) (1 2) (0 3) (1 3) (2 3))

(BASIS DELTA3 2)
==>
((0 1 2) (0 1 3) (0 2 3) (1 2 3))

(BASIS DELTA3 3)
==>
((0 1 2 3))

(BASIS DELTA3 4)
==>
NIL

(DEF BIC (BICONE (MAKE-RDCT 3 2) (MAKE-RDCT 4 2)))
==>
[K15 Chain-Complex]

(BASIS BIC 0)
==>
(<BcnB (0)> <BcnB (1)> <BcnB (2)> <BcnB (3)> <BcnC (0 1)> <BcnC (0 2)>
 <BcnC (1 2)> <BcnD (0)> <BcnD (1)> <BcnD (2)> ...)

(BASIS BIC 1)
==>
(<BcnB (0 1)> <BcnB (0 2)> <BcnB (1 2)> <BcnB (0 3)> <BcnB (1 3)> <BcnB (2 3)>
 <BcnC (0 1 2)> <BcnD (0 1)> <BcnD (0 2)> <BcnD (1 2)> ...)

(BASIS BIC 4)
==>
(<BcnD (0 1 2 3 4)>)

(? BIC (CMBN 2 3 (BCNB '(0 1 3)) 4 (BCNC '(0 1 2 3)) 5 (BCND '(0 1 4))))
==>

----------------------------------------------------------------------{CMBN 1}
<3 * <BcnB (0 1)>>
<-3 * <BcnB (0 3)>>
<3 * <BcnB (1 3)>>
<12 * <BcnC (0 1 2)>>
<-4 * <BcnC (0 1 3)>>
<4 * <BcnC (0 2 3)>>
<-4 * <BcnC (1 2 3)>>
<5 * <BcnD (0 1)>>
<-5 * <BcnD (0 4)>>
<5 * <BcnD (1 4)>>
------------------------------------------------------------------------------


(? BIC (? BIC (CMBN 2 3 (BCNB '(0 1 3)) 4 (BCNC '(0 1 2 3)) 5 (BCND '(0 1 4)))))
==>

----------------------------------------------------------------------{CMBN 0}
------------------------------------------------------------------------------


(CAT-INIT)
==>
---done---
NIL

(DEF C
     (BUILD-CHCM :CMPR #'S-CMPR :BASIS
                 #'(LAMBDA (DMNS) (DECLARE (IGNORE DMNS)) '(A)) :BSGN 'A
                 :INTR-DFFR #'ZERO-INTR-DFFR :STRT ...))
==>
[K1 Chain-Complex]

(DEF H1 (TRIVIAL-HMEQ C))
==>
[K6 Homotopy-Equivalence K1 <= K1 => K1]

(DEF H2 (CMPS H1 H1))
==>
[K17 Homotopy-Equivalence K1 <= K7 => K1]

(PRE-CHECK-RDCT (LRDCT H2))
==>
---done---
NIL

(SETF *TC* (CMBN 3 1 (BCNB 'A) 10 (BCNC 'A) 100 (BCND 'A)))
==>

----------------------------------------------------------------------{CMBN 3}
<1 * <BcnB A>>
<10 * <BcnC A>>
<100 * <BcnD A>>
------------------------------------------------------------------------------


(SETF *BC* (CMBN 3 1 'A))
==>

----------------------------------------------------------------------{CMBN 3}
<1 * A>
------------------------------------------------------------------------------


(CHECK-RDCT-NO-WAIT)
==>
*TC* => 
----------------------------------------------------------------------{CMBN 3}
<1 * <BcnB A>>
<10 * <BcnC A>>
<100 * <BcnD A>>
------------------------------------------------------------------------------

*BC* => 
----------------------------------------------------------------------{CMBN 3}
<1 * A>
------------------------------------------------------------------------------

Checking *TDD* = 0
Result: 
----------------------------------------------------------------------{CMBN 1}
------------------------------------------------------------------------------

Checking *BDD* = 0
Result: 
----------------------------------------------------------------------{CMBN 1}
------------------------------------------------------------------------------

Checking *DF-FD* = 0
Result: 
----------------------------------------------------------------------{CMBN 2}
------------------------------------------------------------------------------

Checking *DG-GD* = 0
Result: 
----------------------------------------------------------------------{CMBN 2}
------------------------------------------------------------------------------

Checking *ID-FG* = 0
Result: 
----------------------------------------------------------------------{CMBN 3}
------------------------------------------------------------------------------

Checking *ID-GF-DH-HD* = 0
Result: 
----------------------------------------------------------------------{CMBN 3}
------------------------------------------------------------------------------

Checking *HH* = 0
Result: 
----------------------------------------------------------------------{CMBN 5}
------------------------------------------------------------------------------

Checking *FH* = 0
Result: 
----------------------------------------------------------------------{CMBN 4}
------------------------------------------------------------------------------

Checking *HG* = 0
Result: 
----------------------------------------------------------------------{CMBN 4}
------------------------------------------------------------------------------

---done---
NIL

(PRE-CHECK-RDCT (RRDCT H2))
==>
---done---
NIL

(CHECK-RDCT-NO-WAIT)
==>
*TC* => 
----------------------------------------------------------------------{CMBN 3}
<1 * <BcnB A>>
<10 * <BcnC A>>
<100 * <BcnD A>>
------------------------------------------------------------------------------

*BC* => 
----------------------------------------------------------------------{CMBN 3}
<1 * A>
------------------------------------------------------------------------------

Checking *TDD* = 0
Result: 
----------------------------------------------------------------------{CMBN 1}
------------------------------------------------------------------------------

Checking *BDD* = 0
Result: 
----------------------------------------------------------------------{CMBN 1}
------------------------------------------------------------------------------

Checking *DF-FD* = 0
Result: 
----------------------------------------------------------------------{CMBN 2}
------------------------------------------------------------------------------

Checking *DG-GD* = 0
Result: 
----------------------------------------------------------------------{CMBN 2}
------------------------------------------------------------------------------

Checking *ID-FG* = 0
Result: 
----------------------------------------------------------------------{CMBN 3}
------------------------------------------------------------------------------

Checking *ID-GF-DH-HD* = 0
Result: 
----------------------------------------------------------------------{CMBN 3}
------------------------------------------------------------------------------

Checking *HH* = 0
Result: 
----------------------------------------------------------------------{CMBN 5}
------------------------------------------------------------------------------

Checking *FH* = 0
Result: 
----------------------------------------------------------------------{CMBN 4}
------------------------------------------------------------------------------

Checking *HG* = 0
Result: 
----------------------------------------------------------------------{CMBN 4}
------------------------------------------------------------------------------

---done---
NIL

(DEF H3 (CMPS H2 H2))
==>
[K65 Homotopy-Equivalence K1 <= K55 => K1]

(SETF *TC*
        (CMBN 3 1 (BCNB (BCNB 'A)) 10 (BCNB (BCNC 'A)) 100 (BCNB (BCND 'A))
              1000 (BCNC 'A) ...))
==>

----------------------------------------------------------------------{CMBN 3}
<1 * <BcnB <BcnB A>>>
<10 * <BcnB <BcnC A>>>
<100 * <BcnB <BcnD A>>>
<1000 * <BcnC A>>
<10000 * <BcnD <BcnB A>>>
<5234 * <BcnD <BcnC A>>>
<223 * <BcnD <BcnD A>>>
------------------------------------------------------------------------------


(PRE-CHECK-RDCT (LRDCT H3))
==>
---done---
NIL

(CHECK-RDCT-NO-WAIT)
==>
*TC* => 
----------------------------------------------------------------------{CMBN 3}
<1 * <BcnB <BcnB A>>>
<10 * <BcnB <BcnC A>>>
<100 * <BcnB <BcnD A>>>
<1000 * <BcnC A>>
<10000 * <BcnD <BcnB A>>>
<5234 * <BcnD <BcnC A>>>
<223 * <BcnD <BcnD A>>>
------------------------------------------------------------------------------

*BC* => 
----------------------------------------------------------------------{CMBN 3}
<1 * A>
------------------------------------------------------------------------------

Checking *TDD* = 0
Result: 
----------------------------------------------------------------------{CMBN 1}
------------------------------------------------------------------------------

Checking *BDD* = 0
Result: 
----------------------------------------------------------------------{CMBN 1}
------------------------------------------------------------------------------

Checking *DF-FD* = 0
Result: 
----------------------------------------------------------------------{CMBN 2}
------------------------------------------------------------------------------

Checking *DG-GD* = 0
Result: 
----------------------------------------------------------------------{CMBN 2}
------------------------------------------------------------------------------

Checking *ID-FG* = 0
Result: 
----------------------------------------------------------------------{CMBN 3}
------------------------------------------------------------------------------

Checking *ID-GF-DH-HD* = 0
Result: 
----------------------------------------------------------------------{CMBN 3}
------------------------------------------------------------------------------

Checking *HH* = 0
Result: 
----------------------------------------------------------------------{CMBN 5}
------------------------------------------------------------------------------

Checking *FH* = 0
Result: 
----------------------------------------------------------------------{CMBN 4}
------------------------------------------------------------------------------

Checking *HG* = 0
Result: 
----------------------------------------------------------------------{CMBN 4}
------------------------------------------------------------------------------

---done---
NIL

(PRE-CHECK-RDCT (RRDCT H3))
==>
---done---
NIL

(CHECK-RDCT-NO-WAIT)
==>
*TC* => 
----------------------------------------------------------------------{CMBN 3}
<1 * <BcnB <BcnB A>>>
<10 * <BcnB <BcnC A>>>
<100 * <BcnB <BcnD A>>>
<1000 * <BcnC A>>
<10000 * <BcnD <BcnB A>>>
<5234 * <BcnD <BcnC A>>>
<223 * <BcnD <BcnD A>>>
------------------------------------------------------------------------------

*BC* => 
----------------------------------------------------------------------{CMBN 3}
<1 * A>
------------------------------------------------------------------------------

Checking *TDD* = 0
Result: 
----------------------------------------------------------------------{CMBN 1}
------------------------------------------------------------------------------

Checking *BDD* = 0
Result: 
----------------------------------------------------------------------{CMBN 1}
------------------------------------------------------------------------------

Checking *DF-FD* = 0
Result: 
----------------------------------------------------------------------{CMBN 2}
------------------------------------------------------------------------------

Checking *DG-GD* = 0
Result: 
----------------------------------------------------------------------{CMBN 2}
------------------------------------------------------------------------------

Checking *ID-FG* = 0
Result: 
----------------------------------------------------------------------{CMBN 3}
------------------------------------------------------------------------------

Checking *ID-GF-DH-HD* = 0
Result: 
----------------------------------------------------------------------{CMBN 3}
------------------------------------------------------------------------------

Checking *HH* = 0
Result: 
----------------------------------------------------------------------{CMBN 5}
------------------------------------------------------------------------------

Checking *FH* = 0
Result: 
----------------------------------------------------------------------{CMBN 4}
------------------------------------------------------------------------------

Checking *HG* = 0
Result: 
----------------------------------------------------------------------{CMBN 4}
------------------------------------------------------------------------------

---done---
NIL
